14:07:34.191 [main] INFO  - Goto my account-->Click on Login.. 
14:07:34.883 [main] INFO  - Entering email and password.. 
14:07:35.559 [main] INFO  - clicked on login button...
15:21:51.876 [main] INFO  - Goto my account-->Click on Login.. 
15:21:53.135 [main] INFO  - Entering email and password.. 
15:21:54.620 [main] INFO  - clicked on login button...
15:32:55.009 [main] INFO  - Goto my account-->Click on Login.. 
15:32:55.760 [main] INFO  - Entering email and password.. 
15:32:56.517 [main] INFO  - clicked on login button...
15:44:58.490 [main] INFO  - Goto my account-->Click on Login.. 
15:44:59.375 [main] INFO  - Entering email and password.. 
15:45:00.720 [main] INFO  - clicked on login button...
11:24:02.941 [pool-3-thread-1] INFO  - Goto my account-->Click on Login.. 
11:24:03.761 [pool-3-thread-1] INFO  - Entering email and password.. 
11:24:06.101 [pool-3-thread-1] INFO  - clicked on login button...
11:25:07.956 [main] INFO  - Goto my account-->Click on Login.. 
11:25:08.604 [main] INFO  - Entering email and password.. 
11:25:09.732 [main] INFO  - clicked on login button...
11:27:34.728 [main] INFO  - Goto my account-->Click on Login.. 
11:27:35.361 [main] INFO  - Entering email and password.. 
11:27:36.283 [main] INFO  - clicked on login button...
11:28:39.062 [pool-3-thread-1] INFO  - Goto my account-->Click on Login.. 
11:28:39.709 [pool-3-thread-1] INFO  - Entering email and password.. 
11:28:41.527 [pool-3-thread-1] INFO  - clicked on login button...
11:30:58.762 [main] INFO  - Goto my account-->Click on Login.. 
11:30:59.506 [main] INFO  - Entering email and password.. 
11:31:00.817 [main] INFO  - clicked on login button...
11:32:42.541 [main] INFO  - Goto my account-->Click on Login.. 
11:32:46.118 [main] INFO  - Entering email and password.. 
11:32:47.244 [main] INFO  - clicked on login button...
11:34:08.134 [main] INFO  - Goto my account-->Click on Login.. 
11:34:08.801 [main] INFO  - Entering email and password.. 
11:34:10.471 [main] INFO  - clicked on login button...
11:45:34.561 [main] INFO  - Goto my account-->Click on Login.. 
11:45:35.241 [main] INFO  - Entering email and password.. 
11:45:36.544 [main] INFO  - clicked on login button...
11:48:32.063 [main] INFO  - Goto my account-->Click on Login.. 
11:48:32.749 [main] INFO  - Entering email and password.. 
11:48:34.206 [main] INFO  - clicked on login button...
12:19:09.362 [main] INFO  - Goto my account-->Click on Login.. 
12:19:10.371 [main] INFO  - Entering email and password.. 
12:19:11.738 [main] INFO  - clicked on login button...
12:24:14.670 [main] INFO  - Goto my account-->Click on Login.. 
12:24:15.551 [main] INFO  - Entering email and password.. 
12:24:16.857 [main] INFO  - clicked on login button...
12:25:59.705 [main] INFO  - Goto my account-->Click on Login.. 
12:26:00.443 [main] INFO  - Entering email and password.. 
12:26:01.724 [main] INFO  - clicked on login button...
12:40:21.946 [main] INFO  - Goto my account-->Click on Login.. 
12:40:22.616 [main] INFO  - Entering email and password.. 
12:40:24.212 [main] INFO  - clicked on login button...
12:48:13.135 [main] INFO  - Goto my account-->Click on Login.. 
12:48:14.187 [main] INFO  - Entering email and password.. 
12:48:15.338 [main] INFO  - clicked on login button...
07:20:02.541 [main] INFO  - Goto my account-->Click on Login.. 
07:20:03.687 [main] INFO  - Entering email and password.. 
07:20:04.885 [main] INFO  - clicked on login button...
07:26:07.255 [main] INFO  - Goto my account-->Click on Login.. 
07:26:08.073 [main] INFO  - Entering email and password.. 
07:26:08.937 [main] INFO  - clicked on login button...
07:27:45.855 [main] INFO  - Goto my account-->Click on Login.. 
07:27:46.685 [main] INFO  - Entering email and password.. 
07:27:47.506 [main] INFO  - clicked on login button...
07:42:18.774 [main] INFO  - Goto my account-->Click on Login.. 
07:42:19.621 [main] INFO  - Entering email and password.. 
07:42:20.495 [main] INFO  - clicked on login button...
07:44:30.850 [main] INFO  - Goto my account-->Click on Login.. 
07:44:31.695 [main] INFO  - Entering email and password.. 
07:44:32.578 [main] INFO  - clicked on login button...
07:46:04.249 [main] INFO  - Goto my account-->Click on Login.. 
07:46:05.043 [main] INFO  - Entering email and password.. 
07:46:05.916 [main] INFO  - clicked on login button...
07:52:55.919 [main] INFO  - Goto my account-->Click on Login.. 
07:52:56.718 [main] INFO  - Entering email and password.. 
07:52:57.593 [main] INFO  - clicked on login button...
23:47:45.268 [main] INFO  - Goto my account-->Click on Login.. 
23:47:45.589 [main] INFO  - Entering email and password.. 
23:47:45.883 [main] INFO  - clicked on login button...
23:47:52.713 [main] INFO  - Goto my account-->Click on Login.. 
23:47:52.938 [main] INFO  - Entering email and password.. 
23:47:53.217 [main] INFO  - clicked on login button...
23:48:04.896 [main] INFO  - Goto my account-->Click on Login.. 
23:48:05.121 [main] INFO  - Entering email and password.. 
23:48:05.399 [main] INFO  - clicked on login button...
23:52:48.498 [main] INFO  - Goto my account-->Click on Login.. 
23:52:48.740 [main] INFO  - Entering email and password.. 
23:52:49.012 [main] INFO  - clicked on login button...
23:52:55.738 [main] INFO  - Goto my account-->Click on Login.. 
23:52:55.935 [main] INFO  - Entering email and password.. 
23:52:56.212 [main] INFO  - clicked on login button...
23:53:02.865 [main] INFO  - Goto my account-->Click on Login.. 
23:53:03.115 [main] INFO  - Entering email and password.. 
23:53:03.395 [main] INFO  - clicked on login button...
19:23:45.632 [main] INFO  - Goto my account-->Click on Login.. 
19:23:45.821 [main] INFO  - Entering email and password.. 
19:23:46.091 [main] INFO  - clicked on login button...
19:23:52.695 [main] INFO  - Goto my account-->Click on Login.. 
19:23:52.973 [main] INFO  - Entering email and password.. 
19:23:53.209 [main] INFO  - clicked on login button...
20:14:06.717 [main] INFO  - Goto my account-->Click on Login.. 
20:14:07.155 [main] DEBUG - Parsing relationship: /xl/_rels/workbook.xml.rels
20:14:07.157 [main] DEBUG - Parsing relationship: /xl/worksheets/_rels/sheet1.xml.rels
20:14:07.159 [main] DEBUG - Parsing relationship: /_rels/.rels
20:14:07.264 [main] TRACE - Loading type system org.apache.poi.schemas.ooxml.system.ooxml
20:14:07.266 [main] TRACE - Loading type system org.apache.xmlbeans.metadata.system.sXMLCONFIG
20:14:07.266 [main] TRACE - Loading type system org.apache.xmlbeans.metadata.system.sXMLLANG
20:14:07.267 [main] TRACE - Loading type system org.apache.xmlbeans.metadata.system.sXMLSCHEMA
20:14:07.267 [main] TRACE - Loading type system org.apache.xmlbeans.metadata.system.sXMLTOOLS
20:14:07.269 [main] TRACE - Reading unresolved handles for type system org.apache.xmlbeans.metadata.system.sXMLTOOLS
20:14:07.277 [main] TRACE - Finished loading type system org.apache.xmlbeans.metadata.system.sXMLTOOLS
20:14:07.278 [main] TRACE - Reading unresolved handles for type system org.apache.xmlbeans.metadata.system.sXMLSCHEMA
20:14:07.283 [main] TRACE - Finished loading type system org.apache.xmlbeans.metadata.system.sXMLSCHEMA
20:14:07.283 [main] TRACE - Reading unresolved handles for type system org.apache.xmlbeans.metadata.system.sXMLLANG
20:14:07.284 [main] TRACE - Finished loading type system org.apache.xmlbeans.metadata.system.sXMLLANG
20:14:07.285 [main] TRACE - Reading unresolved handles for type system org.apache.xmlbeans.metadata.system.sXMLCONFIG
20:14:07.286 [main] TRACE - Finished loading type system org.apache.xmlbeans.metadata.system.sXMLCONFIG
20:14:07.286 [main] TRACE - Reading unresolved handles for type system org.apache.poi.schemas.ooxml.system.ooxml
20:14:07.348 [main] TRACE - Finished loading type system org.apache.poi.schemas.ooxml.system.ooxml
20:14:07.349 [main] TRACE - Resolving type for handle themefd26doctype
20:14:07.390 [main] TRACE - Resolving type for handle stylesheet5d8bdoctype
20:14:07.394 [main] TRACE - Resolving type for handle ctstylesheet4257type
20:14:07.398 [main] TRACE - Resolving type for handle ctfonts6623type
20:14:07.402 [main] TRACE - Resolving type for handle ctfont14d8type
20:14:07.406 [main] TRACE - Resolving type for handle ctfills2c6ftype
20:14:07.407 [main] TRACE - Resolving type for handle ctfill550ctype
20:14:07.408 [main] TRACE - Resolving type for handle ctborders0d66type
20:14:07.409 [main] TRACE - Resolving type for handle ctborderf935type
20:14:07.411 [main] TRACE - Resolving type for handle ctcellxfs1322type
20:14:07.413 [main] TRACE - Resolving type for handle ctxf97f7type
20:14:07.415 [main] TRACE - Resolving type for handle ctcellstylexfsa81ftype
20:14:07.416 [main] TRACE - Resolving type for handle ctdxfsb26atype
20:14:07.418 [main] TRACE - Resolving type for handle cttablestyles872ftype
20:14:07.420 [main] TRACE - Resolving type for handle sstf81fdoctype
20:14:07.423 [main] TRACE - Resolving type for handle ctsst44f3type
20:14:07.428 [main] TRACE - Resolving type for handle ctrsta472type
20:14:07.441 [main] DEBUG - using default POIXMLDocumentPart for http://schemas.openxmlformats.org/officeDocument/2006/relationships/printerSettings
20:14:07.442 [main] TRACE - Resolving type for handle workbookec17doctype
20:14:07.446 [main] TRACE - Resolving type for handle ctworkbook83c3type
20:14:07.451 [main] TRACE - Resolving type for handle ctsheets49fdtype
20:14:07.451 [main] TRACE - Resolving type for handle ctsheet4dbetype
20:14:07.453 [main] TRACE - Resolving type for handle strelationshipid1e94type
20:14:07.454 [main] TRACE - Resolving type for handle worksheetf539doctype
20:14:07.458 [main] TRACE - Resolving type for handle ctworksheet530dtype
20:14:07.464 [main] TRACE - Resolving type for handle ctsheetdata8408type
20:14:07.466 [main] TRACE - Resolving type for handle ctrowdd39type
20:14:07.470 [main] TRACE - Resolving type for handle ctcell842btype
20:14:07.487 [main] TRACE - Resolving type for handle stcellrefe4e0type
20:14:07.493 [main] TRACE - Resolving type for handle ctcols627ctype
20:14:07.496 [main] TRACE - Resolving type for handle ctcola95ftype
20:14:07.508 [main] TRACE - Resolving type for handle cthyperlinks6416type
20:14:07.510 [main] TRACE - Resolving type for handle cthyperlink0c85type
20:14:07.514 [main] TRACE - Resolving type for handle stxstringf179type
20:14:07.516 [main] TRACE - Resolving type for handle stcelltypebf95type
20:14:22.532 [main] INFO  - Goto my account-->Click on Login.. 
20:14:22.840 [main] DEBUG - Parsing relationship: /xl/_rels/workbook.xml.rels
20:14:22.842 [main] DEBUG - Parsing relationship: /xl/worksheets/_rels/sheet1.xml.rels
20:14:22.843 [main] DEBUG - Parsing relationship: /_rels/.rels
20:14:22.859 [main] DEBUG - using default POIXMLDocumentPart for http://schemas.openxmlformats.org/officeDocument/2006/relationships/printerSettings
20:15:34.262 [main] INFO  - Goto my account-->Click on Login.. 
20:15:34.611 [main] DEBUG - Parsing relationship: /xl/_rels/workbook.xml.rels
20:15:34.612 [main] DEBUG - Parsing relationship: /xl/worksheets/_rels/sheet1.xml.rels
20:15:34.614 [main] DEBUG - Parsing relationship: /_rels/.rels
20:15:34.630 [main] DEBUG - using default POIXMLDocumentPart for http://schemas.openxmlformats.org/officeDocument/2006/relationships/printerSettings
20:17:23.859 [main] INFO  - Goto my account-->Click on Login.. 
20:17:24.258 [main] DEBUG - Parsing relationship: /xl/_rels/workbook.xml.rels
20:17:24.259 [main] DEBUG - Parsing relationship: /xl/worksheets/_rels/sheet1.xml.rels
20:17:24.261 [main] DEBUG - Parsing relationship: /_rels/.rels
20:17:24.407 [main] TRACE - Loading type system org.apache.poi.schemas.ooxml.system.ooxml
20:17:24.408 [main] TRACE - Loading type system org.apache.xmlbeans.metadata.system.sXMLCONFIG
20:17:24.409 [main] TRACE - Loading type system org.apache.xmlbeans.metadata.system.sXMLLANG
20:17:24.409 [main] TRACE - Loading type system org.apache.xmlbeans.metadata.system.sXMLSCHEMA
20:17:24.409 [main] TRACE - Loading type system org.apache.xmlbeans.metadata.system.sXMLTOOLS
20:17:24.410 [main] TRACE - Reading unresolved handles for type system org.apache.xmlbeans.metadata.system.sXMLTOOLS
20:17:24.417 [main] TRACE - Finished loading type system org.apache.xmlbeans.metadata.system.sXMLTOOLS
20:17:24.418 [main] TRACE - Reading unresolved handles for type system org.apache.xmlbeans.metadata.system.sXMLSCHEMA
20:17:24.423 [main] TRACE - Finished loading type system org.apache.xmlbeans.metadata.system.sXMLSCHEMA
20:17:24.423 [main] TRACE - Reading unresolved handles for type system org.apache.xmlbeans.metadata.system.sXMLLANG
20:17:24.423 [main] TRACE - Finished loading type system org.apache.xmlbeans.metadata.system.sXMLLANG
20:17:24.424 [main] TRACE - Reading unresolved handles for type system org.apache.xmlbeans.metadata.system.sXMLCONFIG
20:17:24.425 [main] TRACE - Finished loading type system org.apache.xmlbeans.metadata.system.sXMLCONFIG
20:17:24.426 [main] TRACE - Reading unresolved handles for type system org.apache.poi.schemas.ooxml.system.ooxml
20:17:24.478 [main] TRACE - Finished loading type system org.apache.poi.schemas.ooxml.system.ooxml
20:17:24.479 [main] TRACE - Resolving type for handle themefd26doctype
20:17:24.517 [main] TRACE - Resolving type for handle stylesheet5d8bdoctype
20:17:24.522 [main] TRACE - Resolving type for handle ctstylesheet4257type
20:17:24.526 [main] TRACE - Resolving type for handle ctfonts6623type
20:17:24.529 [main] TRACE - Resolving type for handle ctfont14d8type
20:17:24.532 [main] TRACE - Resolving type for handle ctfills2c6ftype
20:17:24.534 [main] TRACE - Resolving type for handle ctfill550ctype
20:17:24.535 [main] TRACE - Resolving type for handle ctborders0d66type
20:17:24.537 [main] TRACE - Resolving type for handle ctborderf935type
20:17:24.538 [main] TRACE - Resolving type for handle ctcellxfs1322type
20:17:24.540 [main] TRACE - Resolving type for handle ctxf97f7type
20:17:24.542 [main] TRACE - Resolving type for handle ctcellstylexfsa81ftype
20:17:24.543 [main] TRACE - Resolving type for handle ctdxfsb26atype
20:17:24.544 [main] TRACE - Resolving type for handle cttablestyles872ftype
20:17:24.546 [main] TRACE - Resolving type for handle sstf81fdoctype
20:17:24.549 [main] TRACE - Resolving type for handle ctsst44f3type
20:17:24.555 [main] TRACE - Resolving type for handle ctrsta472type
20:17:24.566 [main] DEBUG - using default POIXMLDocumentPart for http://schemas.openxmlformats.org/officeDocument/2006/relationships/printerSettings
20:17:24.567 [main] TRACE - Resolving type for handle workbookec17doctype
20:17:24.571 [main] TRACE - Resolving type for handle ctworkbook83c3type
20:17:24.575 [main] TRACE - Resolving type for handle ctsheets49fdtype
20:17:24.577 [main] TRACE - Resolving type for handle ctsheet4dbetype
20:17:24.578 [main] TRACE - Resolving type for handle strelationshipid1e94type
20:17:24.580 [main] TRACE - Resolving type for handle worksheetf539doctype
20:17:24.586 [main] TRACE - Resolving type for handle ctworksheet530dtype
20:17:24.591 [main] TRACE - Resolving type for handle ctsheetdata8408type
20:17:24.593 [main] TRACE - Resolving type for handle ctrowdd39type
20:17:24.596 [main] TRACE - Resolving type for handle ctcell842btype
20:17:24.599 [main] TRACE - Resolving type for handle stcellrefe4e0type
20:17:24.604 [main] TRACE - Resolving type for handle ctcols627ctype
20:17:24.607 [main] TRACE - Resolving type for handle ctcola95ftype
20:17:24.620 [main] TRACE - Resolving type for handle cthyperlinks6416type
20:17:24.622 [main] TRACE - Resolving type for handle cthyperlink0c85type
20:17:24.626 [main] TRACE - Resolving type for handle stxstringf179type
20:17:24.627 [main] TRACE - Resolving type for handle stcelltypebf95type
20:17:36.786 [main] INFO  - Goto my account-->Click on Login.. 
20:17:37.089 [main] DEBUG - Parsing relationship: /xl/_rels/workbook.xml.rels
20:17:37.090 [main] DEBUG - Parsing relationship: /xl/worksheets/_rels/sheet1.xml.rels
20:17:37.091 [main] DEBUG - Parsing relationship: /_rels/.rels
20:17:37.114 [main] DEBUG - using default POIXMLDocumentPart for http://schemas.openxmlformats.org/officeDocument/2006/relationships/printerSettings
20:19:29.590 [main] INFO  - Goto my account-->Click on Login.. 
20:19:29.824 [main] DEBUG - Parsing relationship: /xl/_rels/workbook.xml.rels
20:19:29.825 [main] DEBUG - Parsing relationship: /xl/worksheets/_rels/sheet1.xml.rels
20:19:29.826 [main] DEBUG - Parsing relationship: /_rels/.rels
20:19:29.855 [main] DEBUG - using default POIXMLDocumentPart for http://schemas.openxmlformats.org/officeDocument/2006/relationships/printerSettings
20:21:12.377 [main] INFO  - Goto my account-->Click on Login.. 
20:21:12.660 [main] DEBUG - Parsing relationship: /xl/_rels/workbook.xml.rels
20:21:12.661 [main] DEBUG - Parsing relationship: /xl/worksheets/_rels/sheet1.xml.rels
20:21:12.663 [main] DEBUG - Parsing relationship: /_rels/.rels
20:21:12.682 [main] DEBUG - using default POIXMLDocumentPart for http://schemas.openxmlformats.org/officeDocument/2006/relationships/printerSettings
20:23:05.498 [main] INFO  - Goto my account-->Click on Login.. 
20:23:05.945 [main] DEBUG - Parsing relationship: /xl/_rels/workbook.xml.rels
20:23:05.946 [main] DEBUG - Parsing relationship: /xl/worksheets/_rels/sheet1.xml.rels
20:23:05.947 [main] DEBUG - Parsing relationship: /_rels/.rels
20:23:05.961 [main] DEBUG - using default POIXMLDocumentPart for http://schemas.openxmlformats.org/officeDocument/2006/relationships/printerSettings
20:37:04.856 [main] INFO  - Goto my account-->Click on Login.. 
20:37:05.227 [main] INFO  - Entering email and password.. 
20:37:05.594 [main] INFO  - clicked on login button...
20:37:12.325 [main] INFO  - Goto my account-->Click on Login.. 
20:37:12.596 [main] INFO  - Entering email and password.. 
20:37:12.863 [main] INFO  - clicked on login button...
20:41:06.468 [main] INFO  - Goto my account-->Click on Login.. 
20:41:06.951 [main] INFO  - Entering email and password.. 
20:41:07.265 [main] INFO  - clicked on login button...
20:42:55.143 [main] INFO  - Goto my account-->Click on Login.. 
20:42:55.378 [main] INFO  - Entering email and password.. 
20:42:55.724 [main] INFO  - clicked on login button...
22:21:13.805 [main] INFO  - Goto my account-->Click on Login.. 
22:21:14.061 [main] INFO  - Entering email and password.. 
22:21:14.417 [main] INFO  - clicked on login button...
